<?xml version="1.0" encoding="UTF-8"?>
<testng-results skipped="0" failed="1" ignored="0" total="4" passed="3">
  <reporter-output>
  </reporter-output>
  <suite name="Default suite" duration-ms="37" started-at="2021-03-17T07:28:56Z" finished-at="2021-03-17T07:28:56Z">
    <groups>
    </groups>
    <test name="Default test" duration-ms="37" started-at="2021-03-17T07:28:56Z" finished-at="2021-03-17T07:28:56Z">
      <class name="DProvider1">
        <test-method status="PASS" signature="Diff(int, int, int)[pri:0, instance:DProvider1@7cd62f43]" name="Diff" duration-ms="10" started-at="2021-03-17T07:28:56Z" data-provider="DP" finished-at="2021-03-17T07:28:56Z">
          <params>
            <param index="0">
              <value>
                <![CDATA[5]]>
              </value>
            </param>
            <param index="1">
              <value>
                <![CDATA[3]]>
              </value>
            </param>
            <param index="2">
              <value>
                <![CDATA[2]]>
              </value>
            </param>
          </params>
          <reporter-output>
          </reporter-output>
        </test-method> <!-- Diff -->
        <test-method status="PASS" signature="Diff(int, int, int)[pri:0, instance:DProvider1@7cd62f43]" name="Diff" duration-ms="1" started-at="2021-03-17T07:28:56Z" data-provider="DP" finished-at="2021-03-17T07:28:56Z">
          <params>
            <param index="0">
              <value>
                <![CDATA[6]]>
              </value>
            </param>
            <param index="1">
              <value>
                <![CDATA[4]]>
              </value>
            </param>
            <param index="2">
              <value>
                <![CDATA[2]]>
              </value>
            </param>
          </params>
          <reporter-output>
          </reporter-output>
        </test-method> <!-- Diff -->
        <test-method status="PASS" signature="Sum(int, int, int)[pri:0, instance:DProvider1@7cd62f43]" name="Sum" duration-ms="4" started-at="2021-03-17T07:28:56Z" data-provider="DP" finished-at="2021-03-17T07:28:56Z">
          <params>
            <param index="0">
              <value>
                <![CDATA[2]]>
              </value>
            </param>
            <param index="1">
              <value>
                <![CDATA[3]]>
              </value>
            </param>
            <param index="2">
              <value>
                <![CDATA[5]]>
              </value>
            </param>
          </params>
          <reporter-output>
          </reporter-output>
        </test-method> <!-- Sum -->
        <test-method status="FAIL" signature="Sum(int, int, int)[pri:0, instance:DProvider1@7cd62f43]" name="Sum" duration-ms="1" started-at="2021-03-17T07:28:56Z" data-provider="DP" finished-at="2021-03-17T07:28:56Z">
          <params>
            <param index="0">
              <value>
                <![CDATA[4]]>
              </value>
            </param>
            <param index="1">
              <value>
                <![CDATA[6]]>
              </value>
            </param>
            <param index="2">
              <value>
                <![CDATA[8]]>
              </value>
            </param>
          </params>
          <exception class="java.lang.AssertionError">
            <message>
              <![CDATA[The following asserts failed:
expected [10] but found [8]]]>
            </message>
            <full-stacktrace>
              <![CDATA[java.lang.AssertionError: The following asserts failed:
expected [10] but found [8]
at org.testng.asserts.SoftAssert.assertAll(SoftAssert.java:43)
at DProvider1.Sum(DProvider1.java:16)
at sun.reflect.NativeMethodAccessorImpl.invoke0(Native Method)
at sun.reflect.NativeMethodAccessorImpl.invoke(NativeMethodAccessorImpl.java:62)
at sun.reflect.DelegatingMethodAccessorImpl.invoke(DelegatingMethodAccessorImpl.java:43)
at java.lang.reflect.Method.invoke(Method.java:498)
at org.testng.internal.MethodInvocationHelper.invokeMethod(MethodInvocationHelper.java:124)
at org.testng.internal.InvokeMethodRunnable.runOne(InvokeMethodRunnable.java:54)
at org.testng.internal.InvokeMethodRunnable.run(InvokeMethodRunnable.java:44)
at java.util.concurrent.Executors$RunnableAdapter.call(Executors.java:511)
at java.util.concurrent.FutureTask.run(FutureTask.java:266)
at java.util.concurrent.ThreadPoolExecutor.runWorker(ThreadPoolExecutor.java:1149)
at java.util.concurrent.ThreadPoolExecutor$Worker.run(ThreadPoolExecutor.java:624)
at java.lang.Thread.run(Thread.java:748)
]]>
            </full-stacktrace>
          </exception> <!-- java.lang.AssertionError -->
          <reporter-output>
          </reporter-output>
        </test-method> <!-- Sum -->
      </class> <!-- DProvider1 -->
    </test> <!-- Default test -->
  </suite> <!-- Default suite -->
</testng-results>
